Using pre-set license
Built from '2021.2/staging' branch; Version is '2021.2.10f1 (ee872746220e) revision 15632167'; Using compiler version '192829333'; Build Type 'Release'
OS: 'Windows 10  (10.0.19043) 64bit Professional' Language: 'en' Physical Memory: 32694 MB
BatchMode: 1, IsHumanControllingUs: 0, StartBugReporterOnCrash: 0, Is64bit: 1, IsPro: 0

COMMAND LINE ARGUMENTS:
C:\Program Files\Unity\Hub\Editor\2021.2.10f1\Editor\Unity.exe
-adb2
-batchMode
-noUpm
-name
AssetImportWorker0
-projectPath
C:/Users/alexf/Documents/aMScCGD/ProjectQ-Mk2/PhantomHawk
-logFile
Logs/AssetImportWorker0.log
-srvPort
52544
Successfully changed project path to: C:/Users/alexf/Documents/aMScCGD/ProjectQ-Mk2/PhantomHawk
C:/Users/alexf/Documents/aMScCGD/ProjectQ-Mk2/PhantomHawk
[UnityMemory] Configuration Parameters - Can be set up in boot.config
    "memorysetup-bucket-allocator-granularity=16"
    "memorysetup-bucket-allocator-bucket-count=8"
    "memorysetup-bucket-allocator-block-size=33554432"
    "memorysetup-bucket-allocator-block-count=8"
    "memorysetup-main-allocator-block-size=16777216"
    "memorysetup-thread-allocator-block-size=16777216"
    "memorysetup-gfx-main-allocator-block-size=16777216"
    "memorysetup-gfx-thread-allocator-block-size=16777216"
    "memorysetup-cache-allocator-block-size=4194304"
    "memorysetup-typetree-allocator-block-size=2097152"
    "memorysetup-profiler-bucket-allocator-granularity=16"
    "memorysetup-profiler-bucket-allocator-bucket-count=8"
    "memorysetup-profiler-bucket-allocator-block-size=33554432"
    "memorysetup-profiler-bucket-allocator-block-count=8"
    "memorysetup-profiler-allocator-block-size=16777216"
    "memorysetup-profiler-editor-allocator-block-size=1048576"
    "memorysetup-temp-allocator-size-main=16777216"
    "memorysetup-job-temp-allocator-block-size=2097152"
    "memorysetup-job-temp-allocator-block-size-background=1048576"
    "memorysetup-job-temp-allocator-reduction-small-platforms=262144"
    "memorysetup-temp-allocator-size-background-worker=32768"
    "memorysetup-temp-allocator-size-job-worker=262144"
    "memorysetup-temp-allocator-size-preload-manager=33554432"
    "memorysetup-temp-allocator-size-nav-mesh-worker=65536"
    "memorysetup-temp-allocator-size-audio-worker=65536"
    "memorysetup-temp-allocator-size-cloud-worker=32768"
    "memorysetup-temp-allocator-size-gi-baking-worker=262144"
    "memorysetup-temp-allocator-size-gfx=262144"
Refreshing native plugins compatible for Editor in 97.91 ms, found 3 plugins.
Preloading 0 native plugins for Editor in 0.00 ms.
Initialize engine version: 2021.2.10f1 (ee872746220e)
[Subsystems] Discovering subsystems at path C:/Program Files/Unity/Hub/Editor/2021.2.10f1/Editor/Data/Resources/UnitySubsystems
[Subsystems] Discovering subsystems at path C:/Users/alexf/Documents/aMScCGD/ProjectQ-Mk2/PhantomHawk/Assets
GfxDevice: creating device client; threaded=0; jobified=0
Direct3D:
    Version:  Direct3D 11.0 [level 11.1]
    Renderer: NVIDIA GeForce RTX 2060 (ID=0x1e89)
    Vendor:   NVIDIA
    VRAM:     5967 MB
    Driver:   30.0.14.7212
Initialize mono
Mono path[0] = 'C:/Program Files/Unity/Hub/Editor/2021.2.10f1/Editor/Data/Managed'
Mono path[1] = 'C:/Program Files/Unity/Hub/Editor/2021.2.10f1/Editor/Data/MonoBleedingEdge/lib/mono/unityjit-win32'
Mono config path = 'C:/Program Files/Unity/Hub/Editor/2021.2.10f1/Editor/Data/MonoBleedingEdge/etc'
Using monoOptions --debugger-agent=transport=dt_socket,embedding=1,server=y,suspend=n,address=127.0.0.1:56196
Begin MonoManager ReloadAssembly
Registering precompiled unity dll's ...
Register platform support module: C:/Program Files/Unity/Hub/Editor/2021.2.10f1/Editor/Data/PlaybackEngines/WindowsStandaloneSupport/UnityEditor.WindowsStandalone.Extensions.dll
Registered in 0.016763 seconds.
Native extension for WindowsStandalone target not found
Refreshing native plugins compatible for Editor in 98.75 ms, found 3 plugins.
Preloading 0 native plugins for Editor in 0.00 ms.
Mono: successfully reloaded assembly
- Completed reload, in  0.775 seconds
Domain Reload Profiling:
	ReloadAssembly (775ms)
		BeginReloadAssembly (98ms)
			ExecutionOrderSort (0ms)
			DisableScriptedObjects (0ms)
			BackupInstance (0ms)
			ReleaseScriptingObjects (0ms)
			CreateAndSetChildDomain (1ms)
		EndReloadAssembly (561ms)
			LoadAssemblies (93ms)
			RebuildTransferFunctionScriptingTraits (0ms)
			SetupTypeCache (118ms)
			ReleaseScriptCaches (0ms)
			RebuildScriptCaches (31ms)
			SetupLoadedEditorAssemblies (345ms)
				LogAssemblyErrors (0ms)
				InitializePlatformSupportModulesInManaged (20ms)
				SetLoadedEditorAssemblies (0ms)
				RefreshPlugins (99ms)
				BeforeProcessingInitializeOnLoad (1ms)
				ProcessInitializeOnLoadAttributes (167ms)
				ProcessInitializeOnLoadMethodAttributes (57ms)
				AfterProcessingInitializeOnLoad (0ms)
				EditorAssembliesLoaded (0ms)
			ExecutionOrderSort2 (0ms)
			AwakeInstancesAfterBackupRestoration (0ms)
Platform modules already initialized, skipping
Registering precompiled user dll's ...
Registered in 0.010393 seconds.
Begin MonoManager ReloadAssembly
Symbol file data-000001FB4932AC20 doesn't match image C:\Users\alexf\Documents\aMScCGD\ProjectQ-Mk2\PhantomHawk\Library\ScriptAssemblies\Assembly-CSharp.dll
Symbol file LoadedFromMemory is not a mono symbol file
Symbol file data-000001FB4932EE30 doesn't match image C:\Users\alexf\Documents\aMScCGD\ProjectQ-Mk2\PhantomHawk\Library\ScriptAssemblies\Assembly-CSharp-Editor.dll
Symbol file LoadedFromMemory is not a mono symbol file
Symbol file LoadedFromMemory doesn't match image C:\Users\alexf\Documents\aMScCGD\ProjectQ-Mk2\PhantomHawk\Library\PackageCache\com.unity.visualscripting@1.7.6\Editor\VisualScripting.Core\Dependencies\YamlDotNet\Unity.VisualScripting.YamlDotNet.dll
Symbol file LoadedFromMemory doesn't match image C:\Users\alexf\Documents\aMScCGD\ProjectQ-Mk2\PhantomHawk\Library\PackageCache\com.unity.visualscripting@1.7.6\Editor\VisualScripting.Core\Dependencies\DotNetZip\Unity.VisualScripting.IonicZip.dll
Native extension for WindowsStandalone target not found
Refreshing native plugins compatible for Editor in 0.64 ms, found 3 plugins.
Preloading 0 native plugins for Editor in 0.00 ms.
Mono: successfully reloaded assembly
- Completed reload, in  1.200 seconds
Domain Reload Profiling:
	ReloadAssembly (1201ms)
		BeginReloadAssembly (136ms)
			ExecutionOrderSort (0ms)
			DisableScriptedObjects (7ms)
			BackupInstance (0ms)
			ReleaseScriptingObjects (0ms)
			CreateAndSetChildDomain (21ms)
		EndReloadAssembly (936ms)
			LoadAssemblies (102ms)
			RebuildTransferFunctionScriptingTraits (0ms)
			SetupTypeCache (299ms)
			ReleaseScriptCaches (1ms)
			RebuildScriptCaches (55ms)
			SetupLoadedEditorAssemblies (439ms)
				LogAssemblyErrors (0ms)
				InitializePlatformSupportModulesInManaged (16ms)
				SetLoadedEditorAssemblies (1ms)
				RefreshPlugins (1ms)
				BeforeProcessingInitializeOnLoad (109ms)
				ProcessInitializeOnLoadAttributes (268ms)
				ProcessInitializeOnLoadMethodAttributes (28ms)
				AfterProcessingInitializeOnLoad (16ms)
				EditorAssembliesLoaded (0ms)
			ExecutionOrderSort2 (0ms)
			AwakeInstancesAfterBackupRestoration (6ms)
Platform modules already initialized, skipping
========================================================================
Worker process is ready to serve import requests
Launched and connected shader compiler UnityShaderCompiler.exe after 0.07 seconds
Refreshing native plugins compatible for Editor in 0.65 ms, found 3 plugins.
Preloading 0 native plugins for Editor in 0.00 ms.
Unloading 3236 Unused Serialized files (Serialized files now loaded: 0)
Unloading 26 unused Assets / (112.6 KB). Loaded Objects now: 3710.
Memory consumption went from 125.0 MB to 124.9 MB.
Total: 3.489400 ms (FindLiveObjects: 0.360400 ms CreateObjectMapping: 0.095400 ms MarkObjects: 2.914200 ms  DeleteObjects: 0.117700 ms)

AssetImportParameters requested are different than current active one (requested -> active):
  custom:video-decoder-ogg-theora: a1e56fd34408186e4bbccfd4996cb3dc -> 
  custom:container-muxer-webm: aa71ff27fc2769a1b78a27578f13a17b -> 
  custom:container-demuxer-webm: 4f35f7cbe854078d1ac9338744f61a02 -> 
  custom:video-encoder-webm-vp8: eb34c28f22e8b96e1ab97ce403110664 -> 
  custom:audio-encoder-webm-vorbis: bf7c407c2cedff20999df2af8eb42d56 -> 
  custom:framework-win-MediaFoundation: 216162199b28c13a410421893ffa2e32 -> 
  custom:container-demuxer-ogg: 62fdf1f143b41e24485cea50d1cbac27 -> 
  custom:video-decoder-webm-vp8: 9c59270c3fd7afecdb556c50c9e8de78 -> 
  custom:audio-decoder-ogg-vorbis: bf7c407c2cedff20999df2af8eb42d56 -> 
========================================================================
Received Import Request.
  Time since last request: 305702.796176 seconds.
  path: Assets/Versatile Aerodynamics Package v1.1.0/VersatileAerodynamics
  artifactKey: Guid(a38204f2f675c4d4a986e8aea103133d) Importer(815301076,1909f56bfc062723c751e8b465ee728b)
Start importing Assets/Versatile Aerodynamics Package v1.1.0/VersatileAerodynamics using Guid(a38204f2f675c4d4a986e8aea103133d) Importer(815301076,1909f56bfc062723c751e8b465ee728b)  -> (artifact id: '4c33f27a6b5fd827cce6cc29c71fedf0') in 0.012739 seconds 
========================================================================
Received Import Request.
  Time since last request: 0.000025 seconds.
  path: Assets/Versatile Aerodynamics Package v1.1.0/Scenes
  artifactKey: Guid(151b284835d46504ebde988331547f1b) Importer(815301076,1909f56bfc062723c751e8b465ee728b)
Start importing Assets/Versatile Aerodynamics Package v1.1.0/Scenes using Guid(151b284835d46504ebde988331547f1b) Importer(815301076,1909f56bfc062723c751e8b465ee728b)  -> (artifact id: 'e874530e0535d185ca8afbd1ed2344e1') in 0.005968 seconds 
========================================================================
Received Import Request.
  Time since last request: 0.000021 seconds.
  path: Assets/Versatile Aerodynamics Package v1.1.0
  artifactKey: Guid(32060956153eae445a50b2630e1157dd) Importer(815301076,1909f56bfc062723c751e8b465ee728b)
Start importing Assets/Versatile Aerodynamics Package v1.1.0 using Guid(32060956153eae445a50b2630e1157dd) Importer(815301076,1909f56bfc062723c751e8b465ee728b)  -> (artifact id: 'babbf098c27a92d50e1f3d0300c2b311') in 0.007162 seconds 
========================================================================
Received Import Request.
  Time since last request: 9.582923 seconds.
  path: Assets/Versatile Aerodynamics Package v1.1.0/Demo Scene Assets
  artifactKey: Guid(3f62a866a7af0be4797d71fafcb06868) Importer(815301076,1909f56bfc062723c751e8b465ee728b)
Start importing Assets/Versatile Aerodynamics Package v1.1.0/Demo Scene Assets using Guid(3f62a866a7af0be4797d71fafcb06868) Importer(815301076,1909f56bfc062723c751e8b465ee728b)  -> (artifact id: '5d4ac45492a7f36b45175c04bd54156f') in 0.014723 seconds 
========================================================================
Received Import Request.
  Time since last request: 35.153996 seconds.
  path: Assets/Aircraft 1.prefab
  artifactKey: Guid(0833769b150a1e04daef1ea75a9c136d) Importer(815301076,1909f56bfc062723c751e8b465ee728b)
Start importing Assets/Aircraft 1.prefab using Guid(0833769b150a1e04daef1ea75a9c136d) Importer(815301076,1909f56bfc062723c751e8b465ee728b)  -> (artifact id: '950e0c7883ae070af7b64752f33724db') in 0.333830 seconds 
========================================================================
Received Import Request.
  Time since last request: 13.382768 seconds.
  path: Assets/CameraRig.cs
  artifactKey: Guid(311d0ecd34cf7af49a662d409c4fa970) Importer(815301076,1909f56bfc062723c751e8b465ee728b)
Start importing Assets/CameraRig.cs using Guid(311d0ecd34cf7af49a662d409c4fa970) Importer(815301076,1909f56bfc062723c751e8b465ee728b)  -> (artifact id: '13724d2cad840f34ce64f20300688aa1') in 0.037353 seconds 
========================================================================
Received Import Request.
  Time since last request: 2.109872 seconds.
  path: Assets/Demo Scene.unity
  artifactKey: Guid(4ad659e2470269a409ef961e84580a31) Importer(815301076,1909f56bfc062723c751e8b465ee728b)
Start importing Assets/Demo Scene.unity using Guid(4ad659e2470269a409ef961e84580a31) Importer(815301076,1909f56bfc062723c751e8b465ee728b)  -> (artifact id: 'e1140745a16ca547469f1c246f13a0ba') in 0.008585 seconds 
========================================================================
Received Import Request.
  Time since last request: 5.508700 seconds.
  path: Assets/RBFlight.cs
  artifactKey: Guid(4de55bdac21da5342acc181693d3be3d) Importer(815301076,1909f56bfc062723c751e8b465ee728b)
Start importing Assets/RBFlight.cs using Guid(4de55bdac21da5342acc181693d3be3d) Importer(815301076,1909f56bfc062723c751e8b465ee728b)  -> (artifact id: '48b1e74af0134e8ecf9c21e84e3fff5f') in 0.007223 seconds 
========================================================================
Received Import Request.
  Time since last request: 1.612822 seconds.
  path: Assets/Runway
  artifactKey: Guid(46e359202b8f2c04981e9dfdb0bf30ee) Importer(815301076,1909f56bfc062723c751e8b465ee728b)
Start importing Assets/Runway using Guid(46e359202b8f2c04981e9dfdb0bf30ee) Importer(815301076,1909f56bfc062723c751e8b465ee728b)  -> (artifact id: '44a3267ea4430811a0261015c2ef7625') in 0.006830 seconds 
========================================================================
Received Import Request.
  Time since last request: 0.039911 seconds.
  path: Assets/Runway/desert_sand_undisturbed_4975.jpg
  artifactKey: Guid(5ffafd5561c01724c97aab039032b3be) Importer(815301076,1909f56bfc062723c751e8b465ee728b)
Start importing Assets/Runway/desert_sand_undisturbed_4975.jpg using Guid(5ffafd5561c01724c97aab039032b3be) Importer(815301076,1909f56bfc062723c751e8b465ee728b)  -> (artifact id: 'c537c169f6e6c60fe620ee452b660c7b') in 0.031825 seconds 
========================================================================
Received Import Request.
  Time since last request: 0.000023 seconds.
  path: Assets/Runway/Road-2-Lane-Straight-jpg.jpg
  artifactKey: Guid(0de962d66119d0b4ba4af3a2bc91fbf9) Importer(815301076,1909f56bfc062723c751e8b465ee728b)
Start importing Assets/Runway/Road-2-Lane-Straight-jpg.jpg using Guid(0de962d66119d0b4ba4af3a2bc91fbf9) Importer(815301076,1909f56bfc062723c751e8b465ee728b)  -> (artifact id: 'f9221cc1d209eea710a296eeb0ef17ac') in 0.016825 seconds 
========================================================================
Received Import Request.
  Time since last request: 1.042694 seconds.
  path: Assets/Runway/Materials
  artifactKey: Guid(8029b87c085cd0f4e9dcea92c00c7cc6) Importer(815301076,1909f56bfc062723c751e8b465ee728b)
Start importing Assets/Runway/Materials using Guid(8029b87c085cd0f4e9dcea92c00c7cc6) Importer(815301076,1909f56bfc062723c751e8b465ee728b)  -> (artifact id: 'c67b054005e113bba23ab2353b2b1479') in 0.007180 seconds 
========================================================================
Received Import Request.
  Time since last request: 0.053167 seconds.
  path: Assets/Runway/Materials/desert_sand_undisturbed_4975.mat
  artifactKey: Guid(c0275f8263a699b40b90f09729ace16a) Importer(815301076,1909f56bfc062723c751e8b465ee728b)
Start importing Assets/Runway/Materials/desert_sand_undisturbed_4975.mat using Guid(c0275f8263a699b40b90f09729ace16a) Importer(815301076,1909f56bfc062723c751e8b465ee728b)  -> (artifact id: '733ea4e1b15434daafb433900d71204e') in 0.035419 seconds 
========================================================================
Received Import Request.
  Time since last request: 0.000028 seconds.
  path: Assets/Runway/Materials/Road-2-Lane-Straight-jpg.mat
  artifactKey: Guid(30db97b115cd10949bcf2031259a8ed6) Importer(815301076,1909f56bfc062723c751e8b465ee728b)
Start importing Assets/Runway/Materials/Road-2-Lane-Straight-jpg.mat using Guid(30db97b115cd10949bcf2031259a8ed6) Importer(815301076,1909f56bfc062723c751e8b465ee728b)  -> (artifact id: 'b4f62b8bdef24915b15fe6eaed8f188b') in 0.014513 seconds 
========================================================================
Received Prepare
Registering precompiled user dll's ...
Registered in 0.009685 seconds.
Begin MonoManager ReloadAssembly
Symbol file data-000001FB44AEE020 doesn't match image C:\Users\alexf\Documents\aMScCGD\ProjectQ-Mk2\PhantomHawk\Library\ScriptAssemblies\Assembly-CSharp.dll
Symbol file LoadedFromMemory is not a mono symbol file
Symbol file data-000001FB44AEE020 doesn't match image C:\Users\alexf\Documents\aMScCGD\ProjectQ-Mk2\PhantomHawk\Library\ScriptAssemblies\Assembly-CSharp-Editor.dll
Symbol file LoadedFromMemory is not a mono symbol file
Symbol file LoadedFromMemory doesn't match image C:\Users\alexf\Documents\aMScCGD\ProjectQ-Mk2\PhantomHawk\Library\PackageCache\com.unity.visualscripting@1.7.6\Editor\VisualScripting.Core\Dependencies\YamlDotNet\Unity.VisualScripting.YamlDotNet.dll
Symbol file LoadedFromMemory doesn't match image C:\Users\alexf\Documents\aMScCGD\ProjectQ-Mk2\PhantomHawk\Library\PackageCache\com.unity.visualscripting@1.7.6\Editor\VisualScripting.Core\Dependencies\DotNetZip\Unity.VisualScripting.IonicZip.dll
Native extension for WindowsStandalone target not found
Refreshing native plugins compatible for Editor in 1.07 ms, found 3 plugins.
Preloading 0 native plugins for Editor in 0.00 ms.
Mono: successfully reloaded assembly
- Completed reload, in  1.257 seconds
Domain Reload Profiling:
	ReloadAssembly (1258ms)
		BeginReloadAssembly (165ms)
			ExecutionOrderSort (0ms)
			DisableScriptedObjects (5ms)
			BackupInstance (0ms)
			ReleaseScriptingObjects (0ms)
			CreateAndSetChildDomain (38ms)
		EndReloadAssembly (956ms)
			LoadAssemblies (111ms)
			RebuildTransferFunctionScriptingTraits (0ms)
			SetupTypeCache (315ms)
			ReleaseScriptCaches (1ms)
			RebuildScriptCaches (53ms)
			SetupLoadedEditorAssemblies (405ms)
				LogAssemblyErrors (0ms)
				InitializePlatformSupportModulesInManaged (20ms)
				SetLoadedEditorAssemblies (1ms)
				RefreshPlugins (1ms)
				BeforeProcessingInitializeOnLoad (92ms)
				ProcessInitializeOnLoadAttributes (246ms)
				ProcessInitializeOnLoadMethodAttributes (29ms)
				AfterProcessingInitializeOnLoad (16ms)
				EditorAssembliesLoaded (0ms)
			ExecutionOrderSort2 (0ms)
			AwakeInstancesAfterBackupRestoration (19ms)
Platform modules already initialized, skipping
Refreshing native plugins compatible for Editor in 0.81 ms, found 3 plugins.
Preloading 0 native plugins for Editor in 0.00 ms.
Unloading 3233 Unused Serialized files (Serialized files now loaded: 0)
Unloading 21 unused Assets / (79.4 KB). Loaded Objects now: 3782.
Memory consumption went from 136.1 MB to 136.0 MB.
Total: 3.739900 ms (FindLiveObjects: 0.332400 ms CreateObjectMapping: 0.082700 ms MarkObjects: 3.215000 ms  DeleteObjects: 0.108000 ms)

AssetImportParameters requested are different than current active one (requested -> active):
  custom:video-decoder-ogg-theora: a1e56fd34408186e4bbccfd4996cb3dc -> 
  custom:container-muxer-webm: aa71ff27fc2769a1b78a27578f13a17b -> 
  custom:container-demuxer-webm: 4f35f7cbe854078d1ac9338744f61a02 -> 
  custom:video-encoder-webm-vp8: eb34c28f22e8b96e1ab97ce403110664 -> 
  custom:audio-encoder-webm-vorbis: bf7c407c2cedff20999df2af8eb42d56 -> 
  custom:framework-win-MediaFoundation: 216162199b28c13a410421893ffa2e32 -> 
  custom:container-demuxer-ogg: 62fdf1f143b41e24485cea50d1cbac27 -> 
  custom:video-decoder-webm-vp8: 9c59270c3fd7afecdb556c50c9e8de78 -> 
  custom:audio-decoder-ogg-vorbis: bf7c407c2cedff20999df2af8eb42d56 -> 
========================================================================
Received Prepare
Registering precompiled user dll's ...
Registered in 0.009629 seconds.
Begin MonoManager ReloadAssembly
Symbol file data-000001FB4AF3E0B0 doesn't match image C:\Users\alexf\Documents\aMScCGD\ProjectQ-Mk2\PhantomHawk\Library\ScriptAssemblies\Assembly-CSharp.dll
Symbol file LoadedFromMemory is not a mono symbol file
Symbol file data-000001FB4F7FBE10 doesn't match image C:\Users\alexf\Documents\aMScCGD\ProjectQ-Mk2\PhantomHawk\Library\ScriptAssemblies\Assembly-CSharp-Editor.dll
Symbol file LoadedFromMemory is not a mono symbol file
Symbol file LoadedFromMemory doesn't match image C:\Users\alexf\Documents\aMScCGD\ProjectQ-Mk2\PhantomHawk\Library\PackageCache\com.unity.visualscripting@1.7.6\Editor\VisualScripting.Core\Dependencies\YamlDotNet\Unity.VisualScripting.YamlDotNet.dll
Symbol file LoadedFromMemory doesn't match image C:\Users\alexf\Documents\aMScCGD\ProjectQ-Mk2\PhantomHawk\Library\PackageCache\com.unity.visualscripting@1.7.6\Editor\VisualScripting.Core\Dependencies\DotNetZip\Unity.VisualScripting.IonicZip.dll
Native extension for WindowsStandalone target not found
Refreshing native plugins compatible for Editor in 1.02 ms, found 3 plugins.
Preloading 0 native plugins for Editor in 0.00 ms.
Mono: successfully reloaded assembly
- Completed reload, in  1.281 seconds
Domain Reload Profiling:
	ReloadAssembly (1282ms)
		BeginReloadAssembly (167ms)
			ExecutionOrderSort (0ms)
			DisableScriptedObjects (8ms)
			BackupInstance (0ms)
			ReleaseScriptingObjects (0ms)
			CreateAndSetChildDomain (38ms)
		EndReloadAssembly (990ms)
			LoadAssemblies (106ms)
			RebuildTransferFunctionScriptingTraits (0ms)
			SetupTypeCache (335ms)
			ReleaseScriptCaches (2ms)
			RebuildScriptCaches (63ms)
			SetupLoadedEditorAssemblies (415ms)
				LogAssemblyErrors (0ms)
				InitializePlatformSupportModulesInManaged (19ms)
				SetLoadedEditorAssemblies (1ms)
				RefreshPlugins (1ms)
				BeforeProcessingInitializeOnLoad (97ms)
				ProcessInitializeOnLoadAttributes (252ms)
				ProcessInitializeOnLoadMethodAttributes (29ms)
				AfterProcessingInitializeOnLoad (16ms)
				EditorAssembliesLoaded (0ms)
			ExecutionOrderSort2 (0ms)
			AwakeInstancesAfterBackupRestoration (19ms)
Platform modules already initialized, skipping
Refreshing native plugins compatible for Editor in 0.69 ms, found 3 plugins.
Preloading 0 native plugins for Editor in 0.00 ms.
Unloading 3231 Unused Serialized files (Serialized files now loaded: 0)
Unloading 21 unused Assets / (79.5 KB). Loaded Objects now: 3784.
Memory consumption went from 136.0 MB to 135.9 MB.
Total: 3.531200 ms (FindLiveObjects: 0.354500 ms CreateObjectMapping: 0.085100 ms MarkObjects: 2.982400 ms  DeleteObjects: 0.107400 ms)

AssetImportParameters requested are different than current active one (requested -> active):
  custom:video-decoder-ogg-theora: a1e56fd34408186e4bbccfd4996cb3dc -> 
  custom:container-muxer-webm: aa71ff27fc2769a1b78a27578f13a17b -> 
  custom:container-demuxer-webm: 4f35f7cbe854078d1ac9338744f61a02 -> 
  custom:video-encoder-webm-vp8: eb34c28f22e8b96e1ab97ce403110664 -> 
  custom:audio-encoder-webm-vorbis: bf7c407c2cedff20999df2af8eb42d56 -> 
  custom:framework-win-MediaFoundation: 216162199b28c13a410421893ffa2e32 -> 
  custom:container-demuxer-ogg: 62fdf1f143b41e24485cea50d1cbac27 -> 
  custom:video-decoder-webm-vp8: 9c59270c3fd7afecdb556c50c9e8de78 -> 
  custom:audio-decoder-ogg-vorbis: bf7c407c2cedff20999df2af8eb42d56 -> 
